Using pre-set license
Built from '2021.1/staging' branch; Version is '2021.1.11f1 (4d8c25f7477e) revision 5082149'; Using compiler version '192528614'; Build Type 'Release'
OS: 'Windows 10 Home Single Language; OS build 19042.1165; Version 2009; 64bit' Language: 'en' Physical Memory: 8044 MB
BatchMode: 1, IsHumanControllingUs: 0, StartBugReporterOnCrash: 0, Is64bit: 1, IsPro: 0

 COMMAND LINE ARGUMENTS:
C:\Program Files\Unity\Hub\Editor\2021.1.11f1\Editor\Unity.exe
-adb2
-batchMode
-noUpm
-name
AssetImportWorker0
-projectPath
E:/Unity 2D/Lectures/Number wizard UI/Number Wizard UI
-logFile
Logs/AssetImportWorker0.log
-srvPort
60460
Successfully changed project path to: E:/Unity 2D/Lectures/Number wizard UI/Number Wizard UI
E:/Unity 2D/Lectures/Number wizard UI/Number Wizard UI
Using Asset Import Pipeline V2.
Refreshing native plugins compatible for Editor in 118.51 ms, found 4 plugins.
Preloading 0 native plugins for Editor in 0.00 ms.
Initialize engine version: 2021.1.11f1 (4d8c25f7477e)
[Subsystems] Discovering subsystems at path C:/Program Files/Unity/Hub/Editor/2021.1.11f1/Editor/Data/Resources/UnitySubsystems
[Subsystems] Discovering subsystems at path E:/Unity 2D/Lectures/Number wizard UI/Number Wizard UI/Assets
GfxDevice: creating device client; threaded=0; jobified=0
Direct3D:
    Version:  Direct3D 11.0 [level 11.1]
    Renderer: NVIDIA GeForce GTX 1650 (ID=0x1f91)
    Vendor:   NVIDIA
    VRAM:     3962 MB
    Driver:   30.0.14.7196
Initialize mono
Mono path[0] = 'C:/Program Files/Unity/Hub/Editor/2021.1.11f1/Editor/Data/Managed'
Mono path[1] = 'C:/Program Files/Unity/Hub/Editor/2021.1.11f1/Editor/Data/MonoBleedingEdge/lib/mono/unityjit'
Mono config path = 'C:/Program Files/Unity/Hub/Editor/2021.1.11f1/Editor/Data/MonoBleedingEdge/etc'
Using monoOptions --debugger-agent=transport=dt_socket,embedding=1,server=y,suspend=n,address=127.0.0.1:56472
Begin MonoManager ReloadAssembly
Registering precompiled unity dll's ...
Register platform support module: C:/Program Files/Unity/Hub/Editor/2021.1.11f1/Editor/Data/PlaybackEngines/WebGLSupport/UnityEditor.WebGL.Extensions.dll
Register platform support module: C:/Program Files/Unity/Hub/Editor/2021.1.11f1/Editor/Data/PlaybackEngines/WindowsStandaloneSupport/UnityEditor.WindowsStandalone.Extensions.dll
Registered in 0.001874 seconds.
Native extension for WindowsStandalone target not found
Native extension for WebGL target not found
Refreshing native plugins compatible for Editor in 100.97 ms, found 4 plugins.
Preloading 0 native plugins for Editor in 0.00 ms.
Mono: successfully reloaded assembly
- Completed reload, in  1.590 seconds
Domain Reload Profiling:
	ReloadAssembly (1591ms)
		BeginReloadAssembly (58ms)
			ExecutionOrderSort (0ms)
			DisableScriptedObjects (0ms)
			BackupInstance (0ms)
			ReleaseScriptingObjects (0ms)
			CreateAndSetChildDomain (1ms)
		EndReloadAssembly (462ms)
			LoadAssemblies (55ms)
			RebuildTransferFunctionScriptingTraits (0ms)
			SetupTypeCache (159ms)
			ReleaseScriptCaches (0ms)
			RebuildScriptCaches (29ms)
			SetupLoadedEditorAssemblies (230ms)
				LogAssemblyErrors (0ms)
				InitializePlatformSupportModulesInManaged (7ms)
				SetLoadedEditorAssemblies (1ms)
				RefreshPlugins (101ms)
				BeforeProcessingInitializeOnLoad (1ms)
				ProcessInitializeOnLoadAttributes (93ms)
				ProcessInitializeOnLoadMethodAttributes (27ms)
				AfterProcessingInitializeOnLoad (0ms)
				EditorAssembliesLoaded (0ms)
			ExecutionOrderSort2 (0ms)
			AwakeInstancesAfterBackupRestoration (0ms)
Platform modules already initialized, skipping
Registering precompiled user dll's ...
Registered in 0.003504 seconds.
Begin MonoManager ReloadAssembly
Symbol file LoadedFromMemory doesn't match image E:\Unity 2D\Lectures\Number wizard UI\Number Wizard UI\Library\PackageCache\com.unity.visualscripting@1.6.1\Editor\VisualScripting.Core\Dependencies\YamlDotNet\Unity.VisualScripting.YamlDotNet.dll
Symbol file LoadedFromMemory doesn't match image E:\Unity 2D\Lectures\Number wizard UI\Number Wizard UI\Library\PackageCache\com.unity.visualscripting@1.6.1\Editor\VisualScripting.Core\Dependencies\DotNetZip\Unity.VisualScripting.IonicZip.dll
Native extension for WindowsStandalone target not found
Native extension for WebGL target not found
Refreshing native plugins compatible for Editor in 99.86 ms, found 4 plugins.
Preloading 0 native plugins for Editor in 0.00 ms.
Mono: successfully reloaded assembly
- Completed reload, in  1.208 seconds
Domain Reload Profiling:
	ReloadAssembly (1209ms)
		BeginReloadAssembly (136ms)
			ExecutionOrderSort (0ms)
			DisableScriptedObjects (4ms)
			BackupInstance (0ms)
			ReleaseScriptingObjects (0ms)
			CreateAndSetChildDomain (18ms)
		EndReloadAssembly (1016ms)
			LoadAssemblies (82ms)
			RebuildTransferFunctionScriptingTraits (0ms)
			SetupTypeCache (342ms)
			ReleaseScriptCaches (1ms)
			RebuildScriptCaches (52ms)
			SetupLoadedEditorAssemblies (441ms)
				LogAssemblyErrors (0ms)
				InitializePlatformSupportModulesInManaged (5ms)
				SetLoadedEditorAssemblies (0ms)
				RefreshPlugins (100ms)
				BeforeProcessingInitializeOnLoad (85ms)
				ProcessInitializeOnLoadAttributes (229ms)
				ProcessInitializeOnLoadMethodAttributes (16ms)
				AfterProcessingInitializeOnLoad (5ms)
				EditorAssembliesLoaded (0ms)
			ExecutionOrderSort2 (0ms)
			AwakeInstancesAfterBackupRestoration (6ms)
Platform modules already initialized, skipping
========================================================================
Worker process is ready to serve import requests
Launched and connected shader compiler UnityShaderCompiler.exe after 0.04 seconds
Refreshing native plugins compatible for Editor in 0.66 ms, found 4 plugins.
Preloading 0 native plugins for Editor in 0.00 ms.
Unloading 3713 Unused Serialized files (Serialized files now loaded: 0)
System memory in use before: 139.3 MB.
System memory in use after: 139.3 MB.

Unloading 37 unused Assets to reduce memory usage. Loaded Objects now: 4158.
Total: 2.597200 ms (FindLiveObjects: 0.264400 ms CreateObjectMapping: 0.154400 ms MarkObjects: 2.073600 ms  DeleteObjects: 0.103800 ms)

AssetImportParameters requested are different than current active one (requested -> active):
  custom:framework-win-MediaFoundation: 216162199b28c13a410421893ffa2e32 -> 
  custom:video-decoder-ogg-theora: a1e56fd34408186e4bbccfd4996cb3dc -> 
  custom:container-muxer-webm: aa71ff27fc2769a1b78a27578f13a17b -> 
  custom:container-demuxer-webm: 4f35f7cbe854078d1ac9338744f61a02 -> 
  custom:container-demuxer-ogg: 62fdf1f143b41e24485cea50d1cbac27 -> 
  custom:video-encoder-webm-vp8: eb34c28f22e8b96e1ab97ce403110664 -> 
  custom:video-codec-MediaFoundation-h265: 746d11721c4dcdbdad8f713fa42b33f4 -> 
  custom:video-decoder-webm-vp8: 9c59270c3fd7afecdb556c50c9e8de78 -> 
  custom:audio-decoder-ogg-vorbis: bf7c407c2cedff20999df2af8eb42d56 -> 
  custom:audio-encoder-webm-vorbis: bf7c407c2cedff20999df2af8eb42d56 -> 
========================================================================
Received Import Request.
  path: Assets/fonts/Montserrat-Bold.ttf
  artifactKey: Guid(7bda0032ca4ad104caa139993430233c) Importer(815301076,1909f56bfc062723c751e8b465ee728b)
Start importing Assets/fonts/Montserrat-Bold.ttf using Guid(7bda0032ca4ad104caa139993430233c) Importer(815301076,1909f56bfc062723c751e8b465ee728b)  -> (artifact id: '0f76631b7921c64ac8891086f216c4a6') in 0.105549 seconds 
========================================================================
Received Import Request.
  Time since last request: 0.000320 seconds.
  path: Assets/fonts/Montserrat-ExtraLight.ttf
  artifactKey: Guid(5f2cef21befea5f4b8df2fc8dea3010d) Importer(815301076,1909f56bfc062723c751e8b465ee728b)
Start importing Assets/fonts/Montserrat-ExtraLight.ttf using Guid(5f2cef21befea5f4b8df2fc8dea3010d) Importer(815301076,1909f56bfc062723c751e8b465ee728b)  -> (artifact id: '0aa00efcec18fec1bac7db6922f11b53') in 0.020351 seconds 
========================================================================
Received Import Request.
  Time since last request: 0.000315 seconds.
  path: Assets/fonts/Montserrat-Light.ttf
  artifactKey: Guid(3b2cc5aafd4e7dd4bbfc47023808d64a) Importer(815301076,1909f56bfc062723c751e8b465ee728b)
Start importing Assets/fonts/Montserrat-Light.ttf using Guid(3b2cc5aafd4e7dd4bbfc47023808d64a) Importer(815301076,1909f56bfc062723c751e8b465ee728b)  -> (artifact id: '5dcc81c8c798258ede5c8da407f6d545') in 0.024871 seconds 
========================================================================
Received Import Request.
  Time since last request: 0.000337 seconds.
  path: Assets/fonts/Montserrat-ExtraLightItalic.ttf
  artifactKey: Guid(1c6c2dee2e97d2848ba5d0f135c21782) Importer(815301076,1909f56bfc062723c751e8b465ee728b)
Start importing Assets/fonts/Montserrat-ExtraLightItalic.ttf using Guid(1c6c2dee2e97d2848ba5d0f135c21782) Importer(815301076,1909f56bfc062723c751e8b465ee728b)  -> (artifact id: '77d22e5bb437325a9e424f7baafa2e9c') in 0.019713 seconds 
========================================================================
Received Import Request.
  Time since last request: 0.000351 seconds.
  path: Assets/fonts/Montserrat-Italic.ttf
  artifactKey: Guid(660afa6f1d1a64740b1c4e5bc9454d93) Importer(815301076,1909f56bfc062723c751e8b465ee728b)
Start importing Assets/fonts/Montserrat-Italic.ttf using Guid(660afa6f1d1a64740b1c4e5bc9454d93) Importer(815301076,1909f56bfc062723c751e8b465ee728b)  -> (artifact id: 'edd6a0efcdda4afdec8446fc6d9d01bc') in 0.020384 seconds 
========================================================================
Received Import Request.
  Time since last request: 0.000318 seconds.
  path: Assets/fonts/Montserrat-ExtraBold.ttf
  artifactKey: Guid(fbae0a30baecd934fb5291b2f8241599) Importer(815301076,1909f56bfc062723c751e8b465ee728b)
Start importing Assets/fonts/Montserrat-ExtraBold.ttf using Guid(fbae0a30baecd934fb5291b2f8241599) Importer(815301076,1909f56bfc062723c751e8b465ee728b)  -> (artifact id: '9d1dea59685c3ea7eefa62190a97f041') in 0.021200 seconds 
========================================================================
Received Import Request.
  Time since last request: 0.000343 seconds.
  path: Assets/fonts/Montserrat-BlackItalic.ttf
  artifactKey: Guid(63e87f1403b7e7d4f92380979fea8de3) Importer(815301076,1909f56bfc062723c751e8b465ee728b)
Start importing Assets/fonts/Montserrat-BlackItalic.ttf using Guid(63e87f1403b7e7d4f92380979fea8de3) Importer(815301076,1909f56bfc062723c751e8b465ee728b)  -> (artifact id: '72264f8f497449b459aa26430c1c5406') in 0.024790 seconds 
========================================================================
Received Import Request.
  Time since last request: 0.000292 seconds.
  path: Assets/fonts/Montserrat-BoldItalic.ttf
  artifactKey: Guid(312e5ceee5db62842a106a605e542d18) Importer(815301076,1909f56bfc062723c751e8b465ee728b)
Start importing Assets/fonts/Montserrat-BoldItalic.ttf using Guid(312e5ceee5db62842a106a605e542d18) Importer(815301076,1909f56bfc062723c751e8b465ee728b)  -> (artifact id: 'e3bfc574844fbb9009e0d86ff71066d1') in 0.020641 seconds 
========================================================================
Received Import Request.
  Time since last request: 0.000313 seconds.
  path: Assets/fonts/Montserrat-Black.ttf
  artifactKey: Guid(267537f16bb98e74abe3134e0cb64829) Importer(815301076,1909f56bfc062723c751e8b465ee728b)
Start importing Assets/fonts/Montserrat-Black.ttf using Guid(267537f16bb98e74abe3134e0cb64829) Importer(815301076,1909f56bfc062723c751e8b465ee728b)  -> (artifact id: 'dabbd31c93881e8e6e9202b51a586786') in 0.017392 seconds 
========================================================================
Received Import Request.
  Time since last request: 0.001016 seconds.
  path: Assets/fonts/Montserrat-ExtraBoldItalic.ttf
  artifactKey: Guid(08171e9bf3545e64a9b9606909411aea) Importer(815301076,1909f56bfc062723c751e8b465ee728b)
Start importing Assets/fonts/Montserrat-ExtraBoldItalic.ttf using Guid(08171e9bf3545e64a9b9606909411aea) Importer(815301076,1909f56bfc062723c751e8b465ee728b)  -> (artifact id: 'b6ebaf14d0602219e6d41783df622dc6') in 0.016126 seconds 
========================================================================
Received Import Request.
  Time since last request: 0.544762 seconds.
  path: Assets/fonts/Montserrat-LightItalic.ttf
  artifactKey: Guid(f4e2d55262c482746a029ff01e5b060f) Importer(815301076,1909f56bfc062723c751e8b465ee728b)
Start importing Assets/fonts/Montserrat-LightItalic.ttf using Guid(f4e2d55262c482746a029ff01e5b060f) Importer(815301076,1909f56bfc062723c751e8b465ee728b)  -> (artifact id: '4f5283e1fdfa40dbf6156498934cfa32') in 0.012515 seconds 
========================================================================
Received Import Request.
  Time since last request: 0.000349 seconds.
  path: Assets/fonts/Montserrat-MediumItalic.ttf
  artifactKey: Guid(b47ed1d6f5d406a43ab82b0bb886ccec) Importer(815301076,1909f56bfc062723c751e8b465ee728b)
Start importing Assets/fonts/Montserrat-MediumItalic.ttf using Guid(b47ed1d6f5d406a43ab82b0bb886ccec) Importer(815301076,1909f56bfc062723c751e8b465ee728b)  -> (artifact id: 'f24a7966efabeb0add38f2cfea236b87') in 0.015336 seconds 
========================================================================
Received Import Request.
  Time since last request: 0.000320 seconds.
  path: Assets/fonts/Montserrat-Medium.ttf
  artifactKey: Guid(8ccc166b0131f9c46ab8b53522723687) Importer(815301076,1909f56bfc062723c751e8b465ee728b)
Start importing Assets/fonts/Montserrat-Medium.ttf using Guid(8ccc166b0131f9c46ab8b53522723687) Importer(815301076,1909f56bfc062723c751e8b465ee728b)  -> (artifact id: '91ee87ae23f2a9285d381592dcff5b7a') in 0.019944 seconds 
========================================================================
Received Import Request.
  Time since last request: 1.723043 seconds.
  path: Assets/fonts/Montserrat-Regular.ttf
  artifactKey: Guid(40f433ccad50bc74ab90a47a132105bd) Importer(815301076,1909f56bfc062723c751e8b465ee728b)
Start importing Assets/fonts/Montserrat-Regular.ttf using Guid(40f433ccad50bc74ab90a47a132105bd) Importer(815301076,1909f56bfc062723c751e8b465ee728b)  -> (artifact id: '62816b3ce4f8bb3c1ee9bcde06203f88') in 0.012186 seconds 
========================================================================
Received Import Request.
  Time since last request: 0.000322 seconds.
  path: Assets/fonts/Montserrat-SemiBoldItalic.ttf
  artifactKey: Guid(eb42de1fc5332ba408c695226a9998f3) Importer(815301076,1909f56bfc062723c751e8b465ee728b)
Start importing Assets/fonts/Montserrat-SemiBoldItalic.ttf using Guid(eb42de1fc5332ba408c695226a9998f3) Importer(815301076,1909f56bfc062723c751e8b465ee728b)  -> (artifact id: '5fa50a978a3bea7eeaa4843cef570765') in 0.020912 seconds 
========================================================================
Received Import Request.
  Time since last request: 0.000456 seconds.
  path: Assets/fonts/Montserrat-SemiBold.ttf
  artifactKey: Guid(1a8d37a80539ed347ac423a14adc5d7a) Importer(815301076,1909f56bfc062723c751e8b465ee728b)
Start importing Assets/fonts/Montserrat-SemiBold.ttf using Guid(1a8d37a80539ed347ac423a14adc5d7a) Importer(815301076,1909f56bfc062723c751e8b465ee728b)  -> (artifact id: '2e51189ec3ef87b348fc545cdb731813') in 0.019590 seconds 
========================================================================
Received Import Request.
  Time since last request: 1.540719 seconds.
  path: Assets/fonts/Montserrat-Thin.ttf
  artifactKey: Guid(ee4b553b019653b48980015532519c01) Importer(815301076,1909f56bfc062723c751e8b465ee728b)
Start importing Assets/fonts/Montserrat-Thin.ttf using Guid(ee4b553b019653b48980015532519c01) Importer(815301076,1909f56bfc062723c751e8b465ee728b)  -> (artifact id: '231b160e58c656ac2394827d85113dcd') in 0.012843 seconds 
========================================================================
Received Import Request.
  Time since last request: 0.000311 seconds.
  path: Assets/fonts/Montserrat-ThinItalic.ttf
  artifactKey: Guid(5bcac1e0771111d489c7a97b2920529e) Importer(815301076,1909f56bfc062723c751e8b465ee728b)
Start importing Assets/fonts/Montserrat-ThinItalic.ttf using Guid(5bcac1e0771111d489c7a97b2920529e) Importer(815301076,1909f56bfc062723c751e8b465ee728b)  -> (artifact id: 'd181c79d34229ace859b6b355ba53f36') in 0.022124 seconds 
========================================================================
Received Import Request.
  Time since last request: 145.932866 seconds.
  path: Assets/Scenes/sucess.unity
  artifactKey: Guid(69ec43d30b3b4344c969973055471da3) Importer(815301076,1909f56bfc062723c751e8b465ee728b)
Start importing Assets/Scenes/sucess.unity using Guid(69ec43d30b3b4344c969973055471da3) Importer(815301076,1909f56bfc062723c751e8b465ee728b)  -> (artifact id: '6ef0d151ebe4c7155a7063584f3cb42e') in 0.006457 seconds 
========================================================================
Received Import Request.
  Time since last request: 3.321718 seconds.
  path: Assets/Scenes/Start Menu.unity
  artifactKey: Guid(ae4cf6644d9967742ba2c6eb8cc308d9) Importer(815301076,1909f56bfc062723c751e8b465ee728b)
Start importing Assets/Scenes/Start Menu.unity using Guid(ae4cf6644d9967742ba2c6eb8cc308d9) Importer(815301076,1909f56bfc062723c751e8b465ee728b)  -> (artifact id: '1f38c6240030febedb23abfbeed4dcf9') in 0.006992 seconds 
========================================================================
Received Import Request.
  Time since last request: 380.810498 seconds.
  path: Assets/Scenes/win.unity
  artifactKey: Guid(6aa724975502cce42b11ac24433644fa) Importer(815301076,1909f56bfc062723c751e8b465ee728b)
Start importing Assets/Scenes/win.unity using Guid(6aa724975502cce42b11ac24433644fa) Importer(815301076,1909f56bfc062723c751e8b465ee728b)  -> (artifact id: '8796cbfeeda7cc5b6ff420dd84771116') in 0.007718 seconds 
========================================================================
Received Import Request.
  Time since last request: 285.967654 seconds.
  path: Assets/Scenes/sucess.unity
  artifactKey: Guid(69ec43d30b3b4344c969973055471da3) Importer(815301076,1909f56bfc062723c751e8b465ee728b)
Start importing Assets/Scenes/sucess.unity using Guid(69ec43d30b3b4344c969973055471da3) Importer(815301076,1909f56bfc062723c751e8b465ee728b)  -> (artifact id: '28c134639e05bef0ef5f38011b4eeb99') in 0.003506 seconds 
========================================================================
Received Import Request.
  Time since last request: 9.611986 seconds.
  path: Assets/Scenes/Start Menu.unity
  artifactKey: Guid(ae4cf6644d9967742ba2c6eb8cc308d9) Importer(815301076,1909f56bfc062723c751e8b465ee728b)
Start importing Assets/Scenes/Start Menu.unity using Guid(ae4cf6644d9967742ba2c6eb8cc308d9) Importer(815301076,1909f56bfc062723c751e8b465ee728b)  -> (artifact id: '50dbf21fe9a8c4edaa40b54ac6c4448b') in 0.001928 seconds 
========================================================================
Received Prepare
Refreshing native plugins compatible for Editor in 3.41 ms, found 4 plugins.
Preloading 0 native plugins for Editor in 0.00 ms.
Unloading 23 Unused Serialized files (Serialized files now loaded: 0)
System memory in use before: 70.0 MB.
System memory in use after: 70.1 MB.

Unloading 23 unused Assets to reduce memory usage. Loaded Objects now: 4220.
Total: 3.905400 ms (FindLiveObjects: 0.354100 ms CreateObjectMapping: 0.205500 ms MarkObjects: 3.243100 ms  DeleteObjects: 0.102000 ms)

AssetImportParameters requested are different than current active one (requested -> active):
  custom:framework-win-MediaFoundation: 216162199b28c13a410421893ffa2e32 -> 
  custom:video-decoder-ogg-theora: a1e56fd34408186e4bbccfd4996cb3dc -> 
  custom:container-muxer-webm: aa71ff27fc2769a1b78a27578f13a17b -> 
  custom:container-demuxer-webm: 4f35f7cbe854078d1ac9338744f61a02 -> 
  custom:container-demuxer-ogg: 62fdf1f143b41e24485cea50d1cbac27 -> 
  custom:video-encoder-webm-vp8: eb34c28f22e8b96e1ab97ce403110664 -> 
  custom:video-codec-MediaFoundation-h265: 746d11721c4dcdbdad8f713fa42b33f4 -> 
  custom:video-decoder-webm-vp8: 9c59270c3fd7afecdb556c50c9e8de78 -> 
  custom:audio-decoder-ogg-vorbis: bf7c407c2cedff20999df2af8eb42d56 -> 
  custom:audio-encoder-webm-vorbis: bf7c407c2cedff20999df2af8eb42d56 -> 
========================================================================
Received Import Request.
  Time since last request: 300.886069 seconds.
  path: Assets/Scenes/Start Menu.unity
  artifactKey: Guid(ae4cf6644d9967742ba2c6eb8cc308d9) Importer(815301076,1909f56bfc062723c751e8b465ee728b)
Start importing Assets/Scenes/Start Menu.unity using Guid(ae4cf6644d9967742ba2c6eb8cc308d9) Importer(815301076,1909f56bfc062723c751e8b465ee728b)  -> (artifact id: '9a6073784a083d9ace031a1dd36069fd') in 0.003535 seconds 
========================================================================
Received Import Request.
  Time since last request: 1.642373 seconds.
  path: Assets/Scenes/sucess.unity
  artifactKey: Guid(69ec43d30b3b4344c969973055471da3) Importer(815301076,1909f56bfc062723c751e8b465ee728b)
Start importing Assets/Scenes/sucess.unity using Guid(69ec43d30b3b4344c969973055471da3) Importer(815301076,1909f56bfc062723c751e8b465ee728b)  -> (artifact id: 'c33e3ba201396afeaa21d00fb029bcb6') in 0.003782 seconds 
========================================================================
Received Import Request.
  Time since last request: 1.173091 seconds.
  path: Assets/Scenes/win.unity
  artifactKey: Guid(6aa724975502cce42b11ac24433644fa) Importer(815301076,1909f56bfc062723c751e8b465ee728b)
Start importing Assets/Scenes/win.unity using Guid(6aa724975502cce42b11ac24433644fa) Importer(815301076,1909f56bfc062723c751e8b465ee728b)  -> (artifact id: 'c899b7bda0206a526c899ea11ddc3219') in 0.002616 seconds 
========================================================================
Received Prepare
Refreshing native plugins compatible for Editor in 2.98 ms, found 4 plugins.
Preloading 0 native plugins for Editor in 0.00 ms.
Unloading 23 Unused Serialized files (Serialized files now loaded: 0)
System memory in use before: 70.0 MB.
System memory in use after: 70.1 MB.

Unloading 23 unused Assets to reduce memory usage. Loaded Objects now: 4220.
Total: 3.266600 ms (FindLiveObjects: 0.264400 ms CreateObjectMapping: 0.164800 ms MarkObjects: 2.746600 ms  DeleteObjects: 0.090200 ms)

AssetImportParameters requested are different than current active one (requested -> active):
  custom:framework-win-MediaFoundation: 216162199b28c13a410421893ffa2e32 -> 
  custom:video-decoder-ogg-theora: a1e56fd34408186e4bbccfd4996cb3dc -> 
  custom:container-muxer-webm: aa71ff27fc2769a1b78a27578f13a17b -> 
  custom:container-demuxer-webm: 4f35f7cbe854078d1ac9338744f61a02 -> 
  custom:container-demuxer-ogg: 62fdf1f143b41e24485cea50d1cbac27 -> 
  custom:video-encoder-webm-vp8: eb34c28f22e8b96e1ab97ce403110664 -> 
  custom:video-codec-MediaFoundation-h265: 746d11721c4dcdbdad8f713fa42b33f4 -> 
  custom:video-decoder-webm-vp8: 9c59270c3fd7afecdb556c50c9e8de78 -> 
  custom:audio-decoder-ogg-vorbis: bf7c407c2cedff20999df2af8eb42d56 -> 
  custom:audio-encoder-webm-vorbis: bf7c407c2cedff20999df2af8eb42d56 -> 
========================================================================
Received Prepare
Registering precompiled user dll's ...
Registered in 0.003456 seconds.
Begin MonoManager ReloadAssembly
Symbol file LoadedFromMemory doesn't match image E:\Unity 2D\Lectures\Number wizard UI\Number Wizard UI\Library\PackageCache\com.unity.visualscripting@1.6.1\Editor\VisualScripting.Core\Dependencies\YamlDotNet\Unity.VisualScripting.YamlDotNet.dll
Symbol file LoadedFromMemory doesn't match image E:\Unity 2D\Lectures\Number wizard UI\Number Wizard UI\Library\PackageCache\com.unity.visualscripting@1.6.1\Editor\VisualScripting.Core\Dependencies\DotNetZip\Unity.VisualScripting.IonicZip.dll
Native extension for WindowsStandalone target not found
Native extension for WebGL target not found
Refreshing native plugins compatible for Editor in 0.70 ms, found 4 plugins.
Preloading 0 native plugins for Editor in 0.00 ms.
Mono: successfully reloaded assembly
- Completed reload, in  1.081 seconds
Domain Reload Profiling:
	ReloadAssembly (1081ms)
		BeginReloadAssembly (117ms)
			ExecutionOrderSort (0ms)
			DisableScriptedObjects (6ms)
			BackupInstance (0ms)
			ReleaseScriptingObjects (0ms)
			CreateAndSetChildDomain (37ms)
		EndReloadAssembly (907ms)
			LoadAssemblies (89ms)
			RebuildTransferFunctionScriptingTraits (0ms)
			SetupTypeCache (349ms)
			ReleaseScriptCaches (1ms)
			RebuildScriptCaches (44ms)
			SetupLoadedEditorAssemblies (298ms)
				LogAssemblyErrors (0ms)
				InitializePlatformSupportModulesInManaged (5ms)
				SetLoadedEditorAssemblies (0ms)
				RefreshPlugins (1ms)
				BeforeProcessingInitializeOnLoad (62ms)
				ProcessInitializeOnLoadAttributes (216ms)
				ProcessInitializeOnLoadMethodAttributes (8ms)
				AfterProcessingInitializeOnLoad (5ms)
				EditorAssembliesLoaded (0ms)
			ExecutionOrderSort2 (0ms)
			AwakeInstancesAfterBackupRestoration (16ms)
Platform modules already initialized, skipping
Switching build target platform(19) subTarget(0) extendedPlatform(0) -> platform(13) subTarget(537395200) extendedPlatform(0)
Refreshing native plugins compatible for Editor in 0.70 ms, found 4 plugins.
Preloading 0 native plugins for Editor in 0.00 ms.
Unloading 3717 Unused Serialized files (Serialized files now loaded: 0)
System memory in use before: 150.2 MB.
System memory in use after: 150.3 MB.

Unloading 25 unused Assets to reduce memory usage. Loaded Objects now: 4476.
Total: 2.751800 ms (FindLiveObjects: 0.330100 ms CreateObjectMapping: 0.173000 ms MarkObjects: 2.159900 ms  DeleteObjects: 0.087800 ms)

AssetImportParameters requested are different than current active one (requested -> active):
  custom:framework-win-MediaFoundation: 216162199b28c13a410421893ffa2e32 -> 
  custom:video-decoder-ogg-theora: a1e56fd34408186e4bbccfd4996cb3dc -> 
  custom:container-muxer-webm: aa71ff27fc2769a1b78a27578f13a17b -> 
  custom:container-demuxer-webm: 4f35f7cbe854078d1ac9338744f61a02 -> 
  custom:container-demuxer-ogg: 62fdf1f143b41e24485cea50d1cbac27 -> 
  custom:video-encoder-webm-vp8: eb34c28f22e8b96e1ab97ce403110664 -> 
  custom:video-codec-MediaFoundation-h265: 746d11721c4dcdbdad8f713fa42b33f4 -> 
  custom:video-decoder-webm-vp8: 9c59270c3fd7afecdb556c50c9e8de78 -> 
  custom:graphics/normal-map-encoding: 01000000000000000000000000000000 -> 02000000000000000000000000000000
  custom:audio-decoder-ogg-vorbis: bf7c407c2cedff20999df2af8eb42d56 -> 
  custom:audio-encoder-webm-vorbis: bf7c407c2cedff20999df2af8eb42d56 -> 
========================================================================
Received Prepare
Refreshing native plugins compatible for Editor in 3.31 ms, found 4 plugins.
Preloading 0 native plugins for Editor in 0.00 ms.
Unloading 23 Unused Serialized files (Serialized files now loaded: 0)
System memory in use before: 76.9 MB.
System memory in use after: 77.0 MB.

Unloading 23 unused Assets to reduce memory usage. Loaded Objects now: 4476.
Total: 2.912900 ms (FindLiveObjects: 0.319700 ms CreateObjectMapping: 0.170700 ms MarkObjects: 2.333300 ms  DeleteObjects: 0.088500 ms)

AssetImportParameters requested are different than current active one (requested -> active):
  custom:framework-win-MediaFoundation: 216162199b28c13a410421893ffa2e32 -> 
  custom:video-decoder-ogg-theora: a1e56fd34408186e4bbccfd4996cb3dc -> 
  custom:container-muxer-webm: aa71ff27fc2769a1b78a27578f13a17b -> 
  custom:container-demuxer-webm: 4f35f7cbe854078d1ac9338744f61a02 -> 
  custom:container-demuxer-ogg: 62fdf1f143b41e24485cea50d1cbac27 -> 
  custom:video-encoder-webm-vp8: eb34c28f22e8b96e1ab97ce403110664 -> 
  custom:video-codec-MediaFoundation-h265: 746d11721c4dcdbdad8f713fa42b33f4 -> 
  custom:video-decoder-webm-vp8: 9c59270c3fd7afecdb556c50c9e8de78 -> 
  custom:audio-decoder-ogg-vorbis: bf7c407c2cedff20999df2af8eb42d56 -> 
  custom:audio-encoder-webm-vorbis: bf7c407c2cedff20999df2af8eb42d56 -> 
========================================================================
Received Import Request.
  Time since last request: 103.689724 seconds.
  path: Assets/Scenes/78544920-cartoon-game-background-seamless-background-for-games-mobile-applications-and-computers-vector-illus 1.jpg
  artifactKey: Guid(ae19d8599b59d8242bf48541357a7278) Importer(815301076,1909f56bfc062723c751e8b465ee728b)
Start importing Assets/Scenes/78544920-cartoon-game-background-seamless-background-for-games-mobile-applications-and-computers-vector-illus 1.jpg using Guid(ae19d8599b59d8242bf48541357a7278) Importer(815301076,1909f56bfc062723c751e8b465ee728b)  -> (artifact id: 'b7cf0054d046b4409a338ac08b433865') in 0.107694 seconds 
========================================================================
Received Import Request.
  Time since last request: 0.000259 seconds.
  path: Assets/Scenes/hello.jpg
  artifactKey: Guid(58ca51fd12c18b74ca3b9781dd85da74) Importer(815301076,1909f56bfc062723c751e8b465ee728b)
Start importing Assets/Scenes/hello.jpg using Guid(58ca51fd12c18b74ca3b9781dd85da74) Importer(815301076,1909f56bfc062723c751e8b465ee728b)  -> (artifact id: '5feefd9ac1c112945804ef0c061e7e7c') in 0.027896 seconds 
========================================================================
Received Import Request.
  Time since last request: 0.000289 seconds.
  path: Assets/Scenes/IMG_20210214_124508.jpg
  artifactKey: Guid(5f1e910f018b3d5499dba8306ffffea8) Importer(815301076,1909f56bfc062723c751e8b465ee728b)
Start importing Assets/Scenes/IMG_20210214_124508.jpg using Guid(5f1e910f018b3d5499dba8306ffffea8) Importer(815301076,1909f56bfc062723c751e8b465ee728b)  -> (artifact id: 'c9a993501dc107da48c2fae80384f1ef') in 0.040944 seconds 
========================================================================
Received Import Request.
  Time since last request: 0.000335 seconds.
  path: Assets/Scenes/animegirl.png
  artifactKey: Guid(e1a19ed2b96aac14f930e08a1ddc85f8) Importer(815301076,1909f56bfc062723c751e8b465ee728b)
Start importing Assets/Scenes/animegirl.png using Guid(e1a19ed2b96aac14f930e08a1ddc85f8) Importer(815301076,1909f56bfc062723c751e8b465ee728b)  -> (artifact id: 'c6d9e8fda88cc0eedf3d11a4bbf7fcaf') in 0.030690 seconds 
========================================================================
Received Prepare
Registering precompiled user dll's ...
Registered in 0.003391 seconds.
Begin MonoManager ReloadAssembly
Symbol file LoadedFromMemory doesn't match image E:\Unity 2D\Lectures\Number wizard UI\Number Wizard UI\Library\PackageCache\com.unity.visualscripting@1.6.1\Editor\VisualScripting.Core\Dependencies\YamlDotNet\Unity.VisualScripting.YamlDotNet.dll
Symbol file LoadedFromMemory doesn't match image E:\Unity 2D\Lectures\Number wizard UI\Number Wizard UI\Library\PackageCache\com.unity.visualscripting@1.6.1\Editor\VisualScripting.Core\Dependencies\DotNetZip\Unity.VisualScripting.IonicZip.dll
Native extension for WindowsStandalone target not found
Native extension for WebGL target not found
Refreshing native plugins compatible for Editor in 0.89 ms, found 4 plugins.
Preloading 0 native plugins for Editor in 0.00 ms.
Mono: successfully reloaded assembly
- Completed reload, in  1.107 seconds
Domain Reload Profiling:
	ReloadAssembly (1107ms)
		BeginReloadAssembly (116ms)
			ExecutionOrderSort (0ms)
			DisableScriptedObjects (7ms)
			BackupInstance (0ms)
			ReleaseScriptingObjects (0ms)
			CreateAndSetChildDomain (37ms)
		EndReloadAssembly (933ms)
			LoadAssemblies (80ms)
			RebuildTransferFunctionScriptingTraits (0ms)
			SetupTypeCache (370ms)
			ReleaseScriptCaches (1ms)
			RebuildScriptCaches (44ms)
			SetupLoadedEditorAssemblies (312ms)
				LogAssemblyErrors (0ms)
				InitializePlatformSupportModulesInManaged (6ms)
				SetLoadedEditorAssemblies (0ms)
				RefreshPlugins (1ms)
				BeforeProcessingInitializeOnLoad (65ms)
				ProcessInitializeOnLoadAttributes (226ms)
				ProcessInitializeOnLoadMethodAttributes (9ms)
				AfterProcessingInitializeOnLoad (5ms)
				EditorAssembliesLoaded (0ms)
			ExecutionOrderSort2 (0ms)
			AwakeInstancesAfterBackupRestoration (17ms)
Platform modules already initialized, skipping
Refreshing native plugins compatible for Editor in 0.73 ms, found 4 plugins.
Preloading 0 native plugins for Editor in 0.00 ms.
Unloading 3699 Unused Serialized files (Serialized files now loaded: 0)
System memory in use before: 157.9 MB.
System memory in use after: 158.0 MB.

Unloading 25 unused Assets to reduce memory usage. Loaded Objects now: 4548.
Total: 2.773000 ms (FindLiveObjects: 0.312200 ms CreateObjectMapping: 0.168200 ms MarkObjects: 2.198100 ms  DeleteObjects: 0.093500 ms)

AssetImportParameters requested are different than current active one (requested -> active):
  custom:framework-win-MediaFoundation: 216162199b28c13a410421893ffa2e32 -> 
  custom:video-decoder-ogg-theora: a1e56fd34408186e4bbccfd4996cb3dc -> 
  custom:container-muxer-webm: aa71ff27fc2769a1b78a27578f13a17b -> 
  custom:container-demuxer-webm: 4f35f7cbe854078d1ac9338744f61a02 -> 
  custom:container-demuxer-ogg: 62fdf1f143b41e24485cea50d1cbac27 -> 
  custom:video-encoder-webm-vp8: eb34c28f22e8b96e1ab97ce403110664 -> 
  custom:video-codec-MediaFoundation-h265: 746d11721c4dcdbdad8f713fa42b33f4 -> 
  custom:video-decoder-webm-vp8: 9c59270c3fd7afecdb556c50c9e8de78 -> 
  custom:audio-decoder-ogg-vorbis: bf7c407c2cedff20999df2af8eb42d56 -> 
  custom:audio-encoder-webm-vorbis: bf7c407c2cedff20999df2af8eb42d56 -> 
========================================================================
Received Prepare
Refreshing native plugins compatible for Editor in 3.67 ms, found 4 plugins.
Preloading 0 native plugins for Editor in 0.00 ms.
Unloading 23 Unused Serialized files (Serialized files now loaded: 0)
System memory in use before: 85.0 MB.
System memory in use after: 85.2 MB.

Unloading 23 unused Assets to reduce memory usage. Loaded Objects now: 4548.
Total: 3.240000 ms (FindLiveObjects: 0.425000 ms CreateObjectMapping: 0.267500 ms MarkObjects: 2.453100 ms  DeleteObjects: 0.093700 ms)

AssetImportParameters requested are different than current active one (requested -> active):
  custom:framework-win-MediaFoundation: 216162199b28c13a410421893ffa2e32 -> 
  custom:video-decoder-ogg-theora: a1e56fd34408186e4bbccfd4996cb3dc -> 
  custom:container-muxer-webm: aa71ff27fc2769a1b78a27578f13a17b -> 
  custom:container-demuxer-webm: 4f35f7cbe854078d1ac9338744f61a02 -> 
  custom:container-demuxer-ogg: 62fdf1f143b41e24485cea50d1cbac27 -> 
  custom:video-encoder-webm-vp8: eb34c28f22e8b96e1ab97ce403110664 -> 
  custom:video-codec-MediaFoundation-h265: 746d11721c4dcdbdad8f713fa42b33f4 -> 
  custom:video-decoder-webm-vp8: 9c59270c3fd7afecdb556c50c9e8de78 -> 
  custom:audio-decoder-ogg-vorbis: bf7c407c2cedff20999df2af8eb42d56 -> 
  custom:audio-encoder-webm-vorbis: bf7c407c2cedff20999df2af8eb42d56 -> 
========================================================================
Received Prepare
Refreshing native plugins compatible for Editor in 3.03 ms, found 4 plugins.
Preloading 0 native plugins for Editor in 0.00 ms.
Unloading 23 Unused Serialized files (Serialized files now loaded: 0)
System memory in use before: 85.1 MB.
System memory in use after: 85.2 MB.

Unloading 23 unused Assets to reduce memory usage. Loaded Objects now: 4548.
Total: 3.158500 ms (FindLiveObjects: 0.301600 ms CreateObjectMapping: 0.165500 ms MarkObjects: 2.587900 ms  DeleteObjects: 0.102400 ms)

AssetImportParameters requested are different than current active one (requested -> active):
  custom:framework-win-MediaFoundation: 216162199b28c13a410421893ffa2e32 -> 
  custom:video-decoder-ogg-theora: a1e56fd34408186e4bbccfd4996cb3dc -> 
  custom:container-muxer-webm: aa71ff27fc2769a1b78a27578f13a17b -> 
  custom:container-demuxer-webm: 4f35f7cbe854078d1ac9338744f61a02 -> 
  custom:container-demuxer-ogg: 62fdf1f143b41e24485cea50d1cbac27 -> 
  custom:video-encoder-webm-vp8: eb34c28f22e8b96e1ab97ce403110664 -> 
  custom:video-codec-MediaFoundation-h265: 746d11721c4dcdbdad8f713fa42b33f4 -> 
  custom:video-decoder-webm-vp8: 9c59270c3fd7afecdb556c50c9e8de78 -> 
  custom:audio-decoder-ogg-vorbis: bf7c407c2cedff20999df2af8eb42d56 -> 
  custom:audio-encoder-webm-vorbis: bf7c407c2cedff20999df2af8eb42d56 -> 
AssetImportWorkerClient::OnTransportError - code=2 error=End of file
